[debug] [2020-03-10T03:43:36.245Z] ----------------------------------------------------------------------
[debug] [2020-03-10T03:43:36.247Z] Command:       /usr/local/bin/node /usr/local/bin/firebase init
[debug] [2020-03-10T03:43:36.247Z] CLI Version:   7.14.0
[debug] [2020-03-10T03:43:36.247Z] Platform:      darwin
[debug] [2020-03-10T03:43:36.247Z] Node Version:  v12.15.0
[debug] [2020-03-10T03:43:36.247Z] Time:          Mon Mar 09 2020 20:43:36 GMT-0700 (Pacific Daylight Time)
[debug] [2020-03-10T03:43:36.248Z] ----------------------------------------------------------------------
[debug] [2020-03-10T03:43:36.248Z] 
[debug] [2020-03-10T03:43:36.252Z] > command requires scopes: ["email","openid","https://www.googleapis.com/auth/cloudplatformprojects.readonly","https://www.googleapis.com/auth/firebase","https://www.googleapis.com/auth/cloud-platform"]
[debug] [2020-03-10T03:43:36.253Z] > authorizing via signed-in user
[info] 
     ######## #### ########  ######## ########     ###     ######  ########
     ##        ##  ##     ## ##       ##     ##  ##   ##  ##       ##
     ######    ##  ########  ######   ########  #########  ######  ######
     ##        ##  ##    ##  ##       ##     ## ##     ##       ## ##
     ##       #### ##     ## ######## ########  ##     ##  ######  ########

You're about to initialize a Firebase project in this directory:

  /Users/michaelwells/Desktop/capstone-static.nosync

[info] 
=== Project Setup
[info] 
[info] First, let's associate this project directory with a Firebase project.
[info] You can create multiple project aliases by running firebase use --add, 
[info] but for now we'll just set up a default project.
[info] 
[debug] [2020-03-10T03:44:07.297Z] > refreshing access token with scopes: ["email","https://www.googleapis.com/auth/cloud-platform","https://www.googleapis.com/auth/cloudplatformprojects.readonly","https://www.googleapis.com/auth/firebase","openid"]
[debug] [2020-03-10T03:44:07.297Z] >>> HTTP REQUEST POST https://www.googleapis.com/oauth2/v3/token  
 <request body omitted>
[debug] [2020-03-10T03:44:07.471Z] <<< HTTP RESPONSE 200
[debug] [2020-03-10T03:44:07.488Z] >>> HTTP REQUEST GET https://firebase.googleapis.com/v1beta1/projects?pageSize=100  
 
[debug] [2020-03-10T03:44:07.929Z] <<< HTTP RESPONSE 200
[info] i  Using project owasp-trainer (owasp-trainer)
[info] 
=== Database Setup
[info] 
[info] Firebase Realtime Database Rules allow you to define how your data should be
[info] structured and when your data can be read from and written to.
[info] 
[debug] [2020-03-10T03:44:29.022Z] >>> HTTP REQUEST GET https://owasp-trainer.firebaseio.com/.settings/rules.json  
 
[debug] [2020-03-10T03:44:29.364Z] <<< HTTP RESPONSE 200
[debug] [2020-03-10T03:44:29.368Z] Error: EISDIR: illegal operation on a directory, open '/Users/michaelwells/Desktop/capstone-static.nosync'
    at Object.openSync (fs.js:440:3)
    at Object.writeFileSync (fs.js:1265:35)
    at Config.writeProjectFile (/usr/local/lib/node_modules/firebase-tools/lib/config.js:179:8)
    at /usr/local/lib/node_modules/firebase-tools/lib/init/features/database.js:25:23
    at processTicksAndRejections (internal/process/task_queues.js:94:5)
[error] 
[error] Error: An unexpected error has occurred.
